<?xml version="1.0" encoding="UTF-8"?>
<!-- Generated by org.testng.reporters.JUnitReportReporter -->
<testsuite hostname="LAPTOP-ISQ7MUIO" failures="0" tests="3" name="tests.LoginPageTest" time="11.041" errors="0" timestamp="09 Sep 2020 11:18:14 GMT" skipped="0">
  <testcase classname="tests.LoginPageTest" name="verifyLoginPageTitle" time="0.066"/>
  <testcase classname="tests.LoginPageTest" name="loginAsAdminWithINCorrectCreds" time="4.645"/>
  <testcase classname="tests.LoginPageTest" name="loginAsAdminWithCorrectCreds" time="6.330"/>
</testsuite> <!-- tests.LoginPageTest -->
